[0.075s] DEBUG:colcon:Command line arguments: ['/usr/bin/colcon', 'build', '--packages-select', 'my_cpp_py_pkg', '--symlink-install']
[0.075s] DEBUG:colcon:Parsed command line arguments: Namespace(log_base=None, log_level=None, verb_name='build', build_base='build', install_base='install', merge_install=False, symlink_install=True, test_result_base=None, continue_on_error=False, executor='parallel', parallel_workers=16, event_handlers=None, ignore_user_meta=False, metas=['./colcon.meta'], base_paths=['.'], packages_ignore=None, packages_ignore_regex=None, paths=None, packages_up_to=None, packages_up_to_regex=None, packages_above=None, packages_above_and_dependencies=None, packages_above_depth=None, packages_select_by_dep=None, packages_skip_by_dep=None, packages_skip_up_to=None, packages_select_build_failed=False, packages_skip_build_finished=False, packages_select_test_failures=False, packages_skip_test_passed=False, packages_select=['my_cpp_py_pkg'], packages_skip=None, packages_select_regex=None, packages_skip_regex=None, packages_start=None, packages_end=None, allow_overriding=[], cmake_args=None, cmake_target=None, cmake_target_skip_unavailable=False, cmake_clean_cache=False, cmake_clean_first=False, cmake_force_configure=False, ament_cmake_args=None, catkin_cmake_args=None, catkin_skip_building_tests=False, verb_parser=<colcon_defaults.argument_parser.defaults.DefaultArgumentsDecorator object at 0x7f35e7e82470>, verb_extension=<colcon_core.verb.build.BuildVerb object at 0x7f35e7e81ed0>, main=<bound method BuildVerb.main of <colcon_core.verb.build.BuildVerb object at 0x7f35e7e81ed0>>)
[0.203s] Level 1:colcon.colcon_core.package_discovery:discover_packages(colcon_meta) check parameters
[0.203s] Level 1:colcon.colcon_core.package_discovery:discover_packages(recursive) check parameters
[0.203s] Level 1:colcon.colcon_core.package_discovery:discover_packages(ignore) check parameters
[0.203s] Level 1:colcon.colcon_core.package_discovery:discover_packages(path) check parameters
[0.203s] Level 1:colcon.colcon_core.package_discovery:discover_packages(colcon_meta) discover
[0.204s] Level 1:colcon.colcon_core.package_discovery:discover_packages(recursive) discover
[0.204s] INFO:colcon.colcon_core.package_discovery:Crawling recursively for packages in '/home/tom/ros2_ws/src/my_cpp_py_pkg'
[0.204s] Level 1:colcon.colcon_core.package_identification:_identify(.) by extensions ['ignore', 'ignore_ament_install']
[0.204s] Level 1:colcon.colcon_core.package_identification:_identify(.) by extension 'ignore'
[0.204s] Level 1:colcon.colcon_core.package_identification:_identify(.) by extension 'ignore_ament_install'
[0.204s] Level 1:colcon.colcon_core.package_identification:_identify(.) by extensions ['colcon_pkg']
[0.204s] Level 1:colcon.colcon_core.package_identification:_identify(.) by extension 'colcon_pkg'
[0.204s] Level 1:colcon.colcon_core.package_identification:_identify(.) by extensions ['colcon_meta']
[0.204s] Level 1:colcon.colcon_core.package_identification:_identify(.) by extension 'colcon_meta'
[0.204s] Level 1:colcon.colcon_core.package_identification:_identify(.) by extensions ['ros']
[0.204s] Level 1:colcon.colcon_core.package_identification:_identify(.) by extension 'ros'
[0.213s] DEBUG:colcon.colcon_core.package_identification:Package '.' with type 'ros.ament_cmake' and name 'my_cpp_py_pkg'
[0.213s] Level 1:colcon.colcon_core.package_discovery:discover_packages(recursive) using defaults
[0.213s] Level 1:colcon.colcon_core.package_discovery:discover_packages(ignore) discover
[0.213s] Level 1:colcon.colcon_core.package_discovery:discover_packages(ignore) using defaults
[0.213s] Level 1:colcon.colcon_core.package_discovery:discover_packages(path) discover
[0.213s] Level 1:colcon.colcon_core.package_discovery:discover_packages(path) using defaults
[0.228s] Level 1:colcon.colcon_core.package_discovery:discover_packages(prefix_path) check parameters
[0.228s] Level 1:colcon.colcon_core.package_discovery:discover_packages(prefix_path) discover
[0.235s] DEBUG:colcon.colcon_installed_package_information.package_discovery:Found 41 installed packages in /home/tom/ros2_ws/install
[0.244s] DEBUG:colcon.colcon_installed_package_information.package_discovery:Found 284 installed packages in /opt/ros/humble
[0.245s] Level 1:colcon.colcon_core.package_discovery:discover_packages(prefix_path) using defaults
[0.316s] Level 5:colcon.colcon_core.verb:set package 'my_cpp_py_pkg' build argument 'cmake_args' from command line to 'None'
[0.316s] Level 5:colcon.colcon_core.verb:set package 'my_cpp_py_pkg' build argument 'cmake_target' from command line to 'None'
[0.316s] Level 5:colcon.colcon_core.verb:set package 'my_cpp_py_pkg' build argument 'cmake_target_skip_unavailable' from command line to 'False'
[0.316s] Level 5:colcon.colcon_core.verb:set package 'my_cpp_py_pkg' build argument 'cmake_clean_cache' from command line to 'False'
[0.316s] Level 5:colcon.colcon_core.verb:set package 'my_cpp_py_pkg' build argument 'cmake_clean_first' from command line to 'False'
[0.316s] Level 5:colcon.colcon_core.verb:set package 'my_cpp_py_pkg' build argument 'cmake_force_configure' from command line to 'False'
[0.316s] Level 5:colcon.colcon_core.verb:set package 'my_cpp_py_pkg' build argument 'ament_cmake_args' from command line to 'None'
[0.316s] Level 5:colcon.colcon_core.verb:set package 'my_cpp_py_pkg' build argument 'catkin_cmake_args' from command line to 'None'
[0.316s] Level 5:colcon.colcon_core.verb:set package 'my_cpp_py_pkg' build argument 'catkin_skip_building_tests' from command line to 'False'
[0.316s] DEBUG:colcon.colcon_core.verb:Building package 'my_cpp_py_pkg' with the following arguments: {'ament_cmake_args': None, 'build_base': '/home/tom/ros2_ws/src/my_cpp_py_pkg/build/my_cpp_py_pkg', 'catkin_cmake_args': None, 'catkin_skip_building_tests': False, 'cmake_args': None, 'cmake_clean_cache': False, 'cmake_clean_first': False, 'cmake_force_configure': False, 'cmake_target': None, 'cmake_target_skip_unavailable': False, 'install_base': '/home/tom/ros2_ws/src/my_cpp_py_pkg/install/my_cpp_py_pkg', 'merge_install': False, 'path': '/home/tom/ros2_ws/src/my_cpp_py_pkg', 'symlink_install': True, 'test_result_base': None}
[0.316s] INFO:colcon.colcon_core.executor:Executing jobs using 'parallel' executor
[0.317s] DEBUG:colcon.colcon_parallel_executor.executor.parallel:run_until_complete
[0.317s] INFO:colcon.colcon_ros.task.ament_cmake.build:Building ROS package in '/home/tom/ros2_ws/src/my_cpp_py_pkg' with build type 'ament_cmake'
[0.317s] INFO:colcon.colcon_cmake.task.cmake.build:Building CMake package in '/home/tom/ros2_ws/src/my_cpp_py_pkg'
[0.320s] INFO:colcon.colcon_core.plugin_system:Skipping extension 'colcon_core.shell.bat': Not used on non-Windows systems
[0.320s] INFO:colcon.colcon_core.shell:Skip shell extension 'powershell' for command environment: Not usable outside of PowerShell
[0.320s] DEBUG:colcon.colcon_core.shell:Skip shell extension 'dsv' for command environment
[0.327s] DEBUG:colcon.colcon_core.event_handler.log_command:Invoking command in '/home/tom/ros2_ws/src/my_cpp_py_pkg/build/my_cpp_py_pkg': CMAKE_PREFIX_PATH=${CMAKE_PREFIX_PATH}:/home/tom/ros2_ws/install/launch_testing_examples:/home/tom/ros2_ws/install/examples_rclpy_pointcloud_publisher:/home/tom/ros2_ws/install/examples_rclpy_minimal_subscriber:/home/tom/ros2_ws/install/examples_rclpy_minimal_service:/home/tom/ros2_ws/install/examples_rclpy_minimal_publisher:/home/tom/ros2_ws/install/examples_rclpy_minimal_client:/home/tom/ros2_ws/install/examples_rclpy_minimal_action_server:/home/tom/ros2_ws/install/examples_rclpy_minimal_action_client:/home/tom/ros2_ws/install/examples_rclpy_guard_conditions:/home/tom/ros2_ws/install/examples_rclpy_executors:/opt/ros/humble /usr/bin/cmake /home/tom/ros2_ws/src/my_cpp_py_pkg -DAMENT_CMAKE_SYMLINK_INSTALL=1 -DCMAKE_INSTALL_PREFIX=/home/tom/ros2_ws/src/my_cpp_py_pkg/install/my_cpp_py_pkg
[1.986s] DEBUG:colcon.colcon_core.event_handler.log_command:Invoked command in '/home/tom/ros2_ws/src/my_cpp_py_pkg/build/my_cpp_py_pkg' returned '0': CMAKE_PREFIX_PATH=${CMAKE_PREFIX_PATH}:/home/tom/ros2_ws/install/launch_testing_examples:/home/tom/ros2_ws/install/examples_rclpy_pointcloud_publisher:/home/tom/ros2_ws/install/examples_rclpy_minimal_subscriber:/home/tom/ros2_ws/install/examples_rclpy_minimal_service:/home/tom/ros2_ws/install/examples_rclpy_minimal_publisher:/home/tom/ros2_ws/install/examples_rclpy_minimal_client:/home/tom/ros2_ws/install/examples_rclpy_minimal_action_server:/home/tom/ros2_ws/install/examples_rclpy_minimal_action_client:/home/tom/ros2_ws/install/examples_rclpy_guard_conditions:/home/tom/ros2_ws/install/examples_rclpy_executors:/opt/ros/humble /usr/bin/cmake /home/tom/ros2_ws/src/my_cpp_py_pkg -DAMENT_CMAKE_SYMLINK_INSTALL=1 -DCMAKE_INSTALL_PREFIX=/home/tom/ros2_ws/src/my_cpp_py_pkg/install/my_cpp_py_pkg
[1.988s] DEBUG:colcon.colcon_core.event_handler.log_command:Invoking command in '/home/tom/ros2_ws/src/my_cpp_py_pkg/build/my_cpp_py_pkg': CMAKE_PREFIX_PATH=${CMAKE_PREFIX_PATH}:/home/tom/ros2_ws/install/launch_testing_examples:/home/tom/ros2_ws/install/examples_rclpy_pointcloud_publisher:/home/tom/ros2_ws/install/examples_rclpy_minimal_subscriber:/home/tom/ros2_ws/install/examples_rclpy_minimal_service:/home/tom/ros2_ws/install/examples_rclpy_minimal_publisher:/home/tom/ros2_ws/install/examples_rclpy_minimal_client:/home/tom/ros2_ws/install/examples_rclpy_minimal_action_server:/home/tom/ros2_ws/install/examples_rclpy_minimal_action_client:/home/tom/ros2_ws/install/examples_rclpy_guard_conditions:/home/tom/ros2_ws/install/examples_rclpy_executors:/opt/ros/humble /usr/bin/cmake --build /home/tom/ros2_ws/src/my_cpp_py_pkg/build/my_cpp_py_pkg -- -j16 -l16
[7.818s] DEBUG:colcon.colcon_core.event_handler.log_command:Invoked command in '/home/tom/ros2_ws/src/my_cpp_py_pkg/build/my_cpp_py_pkg' returned '0': CMAKE_PREFIX_PATH=${CMAKE_PREFIX_PATH}:/home/tom/ros2_ws/install/launch_testing_examples:/home/tom/ros2_ws/install/examples_rclpy_pointcloud_publisher:/home/tom/ros2_ws/install/examples_rclpy_minimal_subscriber:/home/tom/ros2_ws/install/examples_rclpy_minimal_service:/home/tom/ros2_ws/install/examples_rclpy_minimal_publisher:/home/tom/ros2_ws/install/examples_rclpy_minimal_client:/home/tom/ros2_ws/install/examples_rclpy_minimal_action_server:/home/tom/ros2_ws/install/examples_rclpy_minimal_action_client:/home/tom/ros2_ws/install/examples_rclpy_guard_conditions:/home/tom/ros2_ws/install/examples_rclpy_executors:/opt/ros/humble /usr/bin/cmake --build /home/tom/ros2_ws/src/my_cpp_py_pkg/build/my_cpp_py_pkg -- -j16 -l16
[7.851s] DEBUG:colcon.colcon_core.event_handler.log_command:Invoking command in '/home/tom/ros2_ws/src/my_cpp_py_pkg/build/my_cpp_py_pkg': CMAKE_PREFIX_PATH=${CMAKE_PREFIX_PATH}:/home/tom/ros2_ws/install/launch_testing_examples:/home/tom/ros2_ws/install/examples_rclpy_pointcloud_publisher:/home/tom/ros2_ws/install/examples_rclpy_minimal_subscriber:/home/tom/ros2_ws/install/examples_rclpy_minimal_service:/home/tom/ros2_ws/install/examples_rclpy_minimal_publisher:/home/tom/ros2_ws/install/examples_rclpy_minimal_client:/home/tom/ros2_ws/install/examples_rclpy_minimal_action_server:/home/tom/ros2_ws/install/examples_rclpy_minimal_action_client:/home/tom/ros2_ws/install/examples_rclpy_guard_conditions:/home/tom/ros2_ws/install/examples_rclpy_executors:/opt/ros/humble /usr/bin/cmake --install /home/tom/ros2_ws/src/my_cpp_py_pkg/build/my_cpp_py_pkg
[8.084s] Level 1:colcon.colcon_core.environment:create_environment_scripts_only(my_cpp_py_pkg)
[8.084s] DEBUG:colcon.colcon_core.event_handler.log_command:Invoked command in '/home/tom/ros2_ws/src/my_cpp_py_pkg/build/my_cpp_py_pkg' returned '0': CMAKE_PREFIX_PATH=${CMAKE_PREFIX_PATH}:/home/tom/ros2_ws/install/launch_testing_examples:/home/tom/ros2_ws/install/examples_rclpy_pointcloud_publisher:/home/tom/ros2_ws/install/examples_rclpy_minimal_subscriber:/home/tom/ros2_ws/install/examples_rclpy_minimal_service:/home/tom/ros2_ws/install/examples_rclpy_minimal_publisher:/home/tom/ros2_ws/install/examples_rclpy_minimal_client:/home/tom/ros2_ws/install/examples_rclpy_minimal_action_server:/home/tom/ros2_ws/install/examples_rclpy_minimal_action_client:/home/tom/ros2_ws/install/examples_rclpy_guard_conditions:/home/tom/ros2_ws/install/examples_rclpy_executors:/opt/ros/humble /usr/bin/cmake --install /home/tom/ros2_ws/src/my_cpp_py_pkg/build/my_cpp_py_pkg
[8.087s] Level 1:colcon.colcon_core.environment:checking '/home/tom/ros2_ws/src/my_cpp_py_pkg/install/my_cpp_py_pkg' for CMake module files
[8.087s] Level 1:colcon.colcon_core.environment:checking '/home/tom/ros2_ws/src/my_cpp_py_pkg/install/my_cpp_py_pkg' for CMake config files
[8.087s] Level 1:colcon.colcon_core.shell:create_environment_hook('my_cpp_py_pkg', 'cmake_prefix_path')
[8.088s] INFO:colcon.colcon_core.shell:Creating environment hook '/home/tom/ros2_ws/src/my_cpp_py_pkg/install/my_cpp_py_pkg/share/my_cpp_py_pkg/hook/cmake_prefix_path.ps1'
[8.088s] INFO:colcon.colcon_core.shell:Creating environment descriptor '/home/tom/ros2_ws/src/my_cpp_py_pkg/install/my_cpp_py_pkg/share/my_cpp_py_pkg/hook/cmake_prefix_path.dsv'
[8.088s] INFO:colcon.colcon_core.shell:Creating environment hook '/home/tom/ros2_ws/src/my_cpp_py_pkg/install/my_cpp_py_pkg/share/my_cpp_py_pkg/hook/cmake_prefix_path.sh'
[8.089s] Level 1:colcon.colcon_core.environment:checking '/home/tom/ros2_ws/src/my_cpp_py_pkg/install/my_cpp_py_pkg/lib'
[8.089s] Level 1:colcon.colcon_core.environment:checking '/home/tom/ros2_ws/src/my_cpp_py_pkg/install/my_cpp_py_pkg/bin'
[8.089s] Level 1:colcon.colcon_core.environment:checking '/home/tom/ros2_ws/src/my_cpp_py_pkg/install/my_cpp_py_pkg/lib/pkgconfig/my_cpp_py_pkg.pc'
[8.089s] Level 1:colcon.colcon_core.environment:checking '/home/tom/ros2_ws/src/my_cpp_py_pkg/install/my_cpp_py_pkg/lib/python3.10/site-packages'
[8.090s] Level 1:colcon.colcon_core.environment:checking '/home/tom/ros2_ws/src/my_cpp_py_pkg/install/my_cpp_py_pkg/bin'
[8.090s] INFO:colcon.colcon_core.shell:Creating package script '/home/tom/ros2_ws/src/my_cpp_py_pkg/install/my_cpp_py_pkg/share/my_cpp_py_pkg/package.ps1'
[8.090s] INFO:colcon.colcon_core.shell:Creating package descriptor '/home/tom/ros2_ws/src/my_cpp_py_pkg/install/my_cpp_py_pkg/share/my_cpp_py_pkg/package.dsv'
[8.091s] INFO:colcon.colcon_core.shell:Creating package script '/home/tom/ros2_ws/src/my_cpp_py_pkg/install/my_cpp_py_pkg/share/my_cpp_py_pkg/package.sh'
[8.091s] INFO:colcon.colcon_core.shell:Creating package script '/home/tom/ros2_ws/src/my_cpp_py_pkg/install/my_cpp_py_pkg/share/my_cpp_py_pkg/package.bash'
[8.092s] INFO:colcon.colcon_core.shell:Creating package script '/home/tom/ros2_ws/src/my_cpp_py_pkg/install/my_cpp_py_pkg/share/my_cpp_py_pkg/package.zsh'
[8.092s] Level 1:colcon.colcon_core.environment:create_file_with_runtime_dependencies(/home/tom/ros2_ws/src/my_cpp_py_pkg/install/my_cpp_py_pkg/share/colcon-core/packages/my_cpp_py_pkg)
[8.118s] Level 1:colcon.colcon_core.environment:create_environment_scripts_only(my_cpp_py_pkg)
[8.118s] Level 1:colcon.colcon_core.environment:checking '/home/tom/ros2_ws/src/my_cpp_py_pkg/install/my_cpp_py_pkg' for CMake module files
[8.118s] Level 1:colcon.colcon_core.environment:checking '/home/tom/ros2_ws/src/my_cpp_py_pkg/install/my_cpp_py_pkg' for CMake config files
[8.118s] Level 1:colcon.colcon_core.shell:create_environment_hook('my_cpp_py_pkg', 'cmake_prefix_path')
[8.119s] INFO:colcon.colcon_core.shell:Creating environment hook '/home/tom/ros2_ws/src/my_cpp_py_pkg/install/my_cpp_py_pkg/share/my_cpp_py_pkg/hook/cmake_prefix_path.ps1'
[8.119s] INFO:colcon.colcon_core.shell:Creating environment descriptor '/home/tom/ros2_ws/src/my_cpp_py_pkg/install/my_cpp_py_pkg/share/my_cpp_py_pkg/hook/cmake_prefix_path.dsv'
[8.119s] INFO:colcon.colcon_core.shell:Creating environment hook '/home/tom/ros2_ws/src/my_cpp_py_pkg/install/my_cpp_py_pkg/share/my_cpp_py_pkg/hook/cmake_prefix_path.sh'
[8.120s] Level 1:colcon.colcon_core.environment:checking '/home/tom/ros2_ws/src/my_cpp_py_pkg/install/my_cpp_py_pkg/lib'
[8.120s] Level 1:colcon.colcon_core.environment:checking '/home/tom/ros2_ws/src/my_cpp_py_pkg/install/my_cpp_py_pkg/bin'
[8.120s] Level 1:colcon.colcon_core.environment:checking '/home/tom/ros2_ws/src/my_cpp_py_pkg/install/my_cpp_py_pkg/lib/pkgconfig/my_cpp_py_pkg.pc'
[8.120s] Level 1:colcon.colcon_core.environment:checking '/home/tom/ros2_ws/src/my_cpp_py_pkg/install/my_cpp_py_pkg/lib/python3.10/site-packages'
[8.120s] Level 1:colcon.colcon_core.environment:checking '/home/tom/ros2_ws/src/my_cpp_py_pkg/install/my_cpp_py_pkg/bin'
[8.120s] INFO:colcon.colcon_core.shell:Creating package script '/home/tom/ros2_ws/src/my_cpp_py_pkg/install/my_cpp_py_pkg/share/my_cpp_py_pkg/package.ps1'
[8.120s] INFO:colcon.colcon_core.shell:Creating package descriptor '/home/tom/ros2_ws/src/my_cpp_py_pkg/install/my_cpp_py_pkg/share/my_cpp_py_pkg/package.dsv'
[8.121s] INFO:colcon.colcon_core.shell:Creating package script '/home/tom/ros2_ws/src/my_cpp_py_pkg/install/my_cpp_py_pkg/share/my_cpp_py_pkg/package.sh'
[8.121s] INFO:colcon.colcon_core.shell:Creating package script '/home/tom/ros2_ws/src/my_cpp_py_pkg/install/my_cpp_py_pkg/share/my_cpp_py_pkg/package.bash'
[8.121s] INFO:colcon.colcon_core.shell:Creating package script '/home/tom/ros2_ws/src/my_cpp_py_pkg/install/my_cpp_py_pkg/share/my_cpp_py_pkg/package.zsh'
[8.122s] Level 1:colcon.colcon_core.environment:create_file_with_runtime_dependencies(/home/tom/ros2_ws/src/my_cpp_py_pkg/install/my_cpp_py_pkg/share/colcon-core/packages/my_cpp_py_pkg)
[8.122s] DEBUG:colcon.colcon_parallel_executor.executor.parallel:closing loop
[8.122s] DEBUG:colcon.colcon_parallel_executor.executor.parallel:loop closed
[8.122s] DEBUG:colcon.colcon_parallel_executor.executor.parallel:run_until_complete finished with '0'
[8.122s] DEBUG:colcon.colcon_core.event_reactor:joining thread
[8.127s] INFO:colcon.colcon_core.plugin_system:Skipping extension 'colcon_notification.desktop_notification.terminal_notifier': Not used on non-Darwin systems
[8.127s] INFO:colcon.colcon_core.plugin_system:Skipping extension 'colcon_notification.desktop_notification.win32': Not used on non-Windows systems
[8.127s] INFO:colcon.colcon_notification.desktop_notification:Sending desktop notification using 'notify2'
[8.138s] DEBUG:colcon.colcon_core.event_reactor:joined thread
[8.138s] INFO:colcon.colcon_core.shell:Creating prefix script '/home/tom/ros2_ws/src/my_cpp_py_pkg/install/local_setup.ps1'
[8.139s] INFO:colcon.colcon_core.shell:Creating prefix util module '/home/tom/ros2_ws/src/my_cpp_py_pkg/install/_local_setup_util_ps1.py'
[8.140s] INFO:colcon.colcon_core.shell:Creating prefix chain script '/home/tom/ros2_ws/src/my_cpp_py_pkg/install/setup.ps1'
[8.142s] INFO:colcon.colcon_core.shell:Creating prefix script '/home/tom/ros2_ws/src/my_cpp_py_pkg/install/local_setup.sh'
[8.143s] INFO:colcon.colcon_core.shell:Creating prefix util module '/home/tom/ros2_ws/src/my_cpp_py_pkg/install/_local_setup_util_sh.py'
[8.143s] INFO:colcon.colcon_core.shell:Creating prefix chain script '/home/tom/ros2_ws/src/my_cpp_py_pkg/install/setup.sh'
[8.145s] INFO:colcon.colcon_core.shell:Creating prefix script '/home/tom/ros2_ws/src/my_cpp_py_pkg/install/local_setup.bash'
[8.145s] INFO:colcon.colcon_core.shell:Creating prefix chain script '/home/tom/ros2_ws/src/my_cpp_py_pkg/install/setup.bash'
[8.147s] INFO:colcon.colcon_core.shell:Creating prefix script '/home/tom/ros2_ws/src/my_cpp_py_pkg/install/local_setup.zsh'
[8.147s] INFO:colcon.colcon_core.shell:Creating prefix chain script '/home/tom/ros2_ws/src/my_cpp_py_pkg/install/setup.zsh'
