[100%] Built target cpp_executable
[100%] Built target ament_cmake_python_symlink_my_cpp_py_pkg
running egg_info
writing my_cpp_py_pkg.egg-info/PKG-INFO
writing dependency_links to my_cpp_py_pkg.egg-info/dependency_links.txt
writing top-level names to my_cpp_py_pkg.egg-info/top_level.txt
reading manifest file 'my_cpp_py_pkg.egg-info/SOURCES.txt'
writing manifest file 'my_cpp_py_pkg.egg-info/SOURCES.txt'
[100%] Built target ament_cmake_python_build_my_cpp_py_pkg_egg
-- Install configuration: ""
-- Execute custom install script
-- Up-to-date symlink: /home/tom/ros2_ws/src/my_cpp_py_pkg/install/my_cpp_py_pkg/lib/my_cpp_py_pkg/cpp_executable
-- Up-to-date symlink: /home/tom/ros2_ws/src/my_cpp_py_pkg/install/my_cpp_py_pkg/share/my_cpp_py_pkg/environment/pythonpath.sh
-- Up-to-date symlink: /home/tom/ros2_ws/src/my_cpp_py_pkg/install/my_cpp_py_pkg/share/my_cpp_py_pkg/environment/pythonpath.dsv
-- Up-to-date symlink: /home/tom/ros2_ws/src/my_cpp_py_pkg/install/my_cpp_py_pkg/local/lib/python3.10/dist-packages/my_cpp_py_pkg-0.0.0-py3.10.egg-info/PKG-INFO
-- Up-to-date symlink: /home/tom/ros2_ws/src/my_cpp_py_pkg/install/my_cpp_py_pkg/local/lib/python3.10/dist-packages/my_cpp_py_pkg-0.0.0-py3.10.egg-info/SOURCES.txt
-- Up-to-date symlink: /home/tom/ros2_ws/src/my_cpp_py_pkg/install/my_cpp_py_pkg/local/lib/python3.10/dist-packages/my_cpp_py_pkg-0.0.0-py3.10.egg-info/dependency_links.txt
-- Up-to-date symlink: /home/tom/ros2_ws/src/my_cpp_py_pkg/install/my_cpp_py_pkg/local/lib/python3.10/dist-packages/my_cpp_py_pkg-0.0.0-py3.10.egg-info/top_level.txt
-- Up-to-date symlink: /home/tom/ros2_ws/src/my_cpp_py_pkg/install/my_cpp_py_pkg/local/lib/python3.10/dist-packages/my_cpp_py_pkg/__init__.py
-- Up-to-date symlink: /home/tom/ros2_ws/src/my_cpp_py_pkg/install/my_cpp_py_pkg/local/lib/python3.10/dist-packages/my_cpp_py_pkg/kalman.py
-- Up-to-date symlink: /home/tom/ros2_ws/src/my_cpp_py_pkg/install/my_cpp_py_pkg/local/lib/python3.10/dist-packages/my_cpp_py_pkg/ogl_viewer/viewer.py
-- Up-to-date symlink: /home/tom/ros2_ws/src/my_cpp_py_pkg/install/my_cpp_py_pkg/local/lib/python3.10/dist-packages/my_cpp_py_pkg/visualisations.py
-- Up-to-date symlink: /home/tom/ros2_ws/src/my_cpp_py_pkg/install/my_cpp_py_pkg/local/lib/python3.10/dist-packages/my_cpp_py_pkg/zed_calib.json
-- Up-to-date symlink: /home/tom/ros2_ws/src/my_cpp_py_pkg/install/my_cpp_py_pkg/lib/my_cpp_py_pkg/img_to_kpts.py
-- Up-to-date symlink: /home/tom/ros2_ws/src/my_cpp_py_pkg/install/my_cpp_py_pkg/lib/my_cpp_py_pkg/kpts_to_bbox.py
-- Up-to-date symlink: /home/tom/ros2_ws/src/my_cpp_py_pkg/install/my_cpp_py_pkg/share/my_cpp_py_pkg//launch/my_script_launch.py
-- Up-to-date symlink: /home/tom/ros2_ws/src/my_cpp_py_pkg/install/my_cpp_py_pkg/share/ament_index/resource_index/package_run_dependencies/my_cpp_py_pkg
-- Up-to-date symlink: /home/tom/ros2_ws/src/my_cpp_py_pkg/install/my_cpp_py_pkg/share/ament_index/resource_index/parent_prefix_path/my_cpp_py_pkg
-- Up-to-date symlink: /home/tom/ros2_ws/src/my_cpp_py_pkg/install/my_cpp_py_pkg/share/my_cpp_py_pkg/environment/ament_prefix_path.sh
-- Up-to-date symlink: /home/tom/ros2_ws/src/my_cpp_py_pkg/install/my_cpp_py_pkg/share/my_cpp_py_pkg/environment/ament_prefix_path.dsv
-- Up-to-date symlink: /home/tom/ros2_ws/src/my_cpp_py_pkg/install/my_cpp_py_pkg/share/my_cpp_py_pkg/environment/path.sh
-- Up-to-date symlink: /home/tom/ros2_ws/src/my_cpp_py_pkg/install/my_cpp_py_pkg/share/my_cpp_py_pkg/environment/path.dsv
-- Up-to-date symlink: /home/tom/ros2_ws/src/my_cpp_py_pkg/install/my_cpp_py_pkg/share/my_cpp_py_pkg/local_setup.bash
-- Up-to-date symlink: /home/tom/ros2_ws/src/my_cpp_py_pkg/install/my_cpp_py_pkg/share/my_cpp_py_pkg/local_setup.sh
-- Up-to-date symlink: /home/tom/ros2_ws/src/my_cpp_py_pkg/install/my_cpp_py_pkg/share/my_cpp_py_pkg/local_setup.zsh
-- Up-to-date symlink: /home/tom/ros2_ws/src/my_cpp_py_pkg/install/my_cpp_py_pkg/share/my_cpp_py_pkg/local_setup.dsv
-- Symlinking: /home/tom/ros2_ws/src/my_cpp_py_pkg/install/my_cpp_py_pkg/share/my_cpp_py_pkg/package.dsv
-- Up-to-date symlink: /home/tom/ros2_ws/src/my_cpp_py_pkg/install/my_cpp_py_pkg/share/ament_index/resource_index/packages/my_cpp_py_pkg
-- Up-to-date symlink: /home/tom/ros2_ws/src/my_cpp_py_pkg/install/my_cpp_py_pkg/share/my_cpp_py_pkg/cmake/my_cpp_py_pkgConfig.cmake
-- Up-to-date symlink: /home/tom/ros2_ws/src/my_cpp_py_pkg/install/my_cpp_py_pkg/share/my_cpp_py_pkg/cmake/my_cpp_py_pkgConfig-version.cmake
-- Up-to-date symlink: /home/tom/ros2_ws/src/my_cpp_py_pkg/install/my_cpp_py_pkg/share/my_cpp_py_pkg/package.xml
Listing '/home/tom/ros2_ws/src/my_cpp_py_pkg/install/my_cpp_py_pkg/local/lib/python3.10/dist-packages/my_cpp_py_pkg'...
Listing '/home/tom/ros2_ws/src/my_cpp_py_pkg/install/my_cpp_py_pkg/local/lib/python3.10/dist-packages/my_cpp_py_pkg/ogl_viewer'...
Compiling '/home/tom/ros2_ws/src/my_cpp_py_pkg/install/my_cpp_py_pkg/local/lib/python3.10/dist-packages/my_cpp_py_pkg/visualisations.py'...
