-- Found ament_cmake: 1.3.8 (/opt/ros/humble/share/ament_cmake/cmake)
-- Override CMake install command with custom implementation using symlinks instead of copying resources
-- Found rclcpp: 16.0.8 (/opt/ros/humble/share/rclcpp/cmake)
-- Found rosidl_generator_c: 3.1.5 (/opt/ros/humble/share/rosidl_generator_c/cmake)
-- Found rosidl_adapter: 3.1.5 (/opt/ros/humble/share/rosidl_adapter/cmake)
-- Found rosidl_generator_cpp: 3.1.5 (/opt/ros/humble/share/rosidl_generator_cpp/cmake)
-- Using all available rosidl_typesupport_c: rosidl_typesupport_fastrtps_c;rosidl_typesupport_introspection_c
-- Using all available rosidl_typesupport_cpp: rosidl_typesupport_fastrtps_cpp;rosidl_typesupport_introspection_cpp
-- Found rmw_implementation_cmake: 6.1.1 (/opt/ros/humble/share/rmw_implementation_cmake/cmake)
-- Found rmw_fastrtps_cpp: 6.2.6 (/opt/ros/humble/share/rmw_fastrtps_cpp/cmake)
-- Using RMW implementation 'rmw_fastrtps_cpp' as default
-- Found rclpy: 3.3.12 (/opt/ros/humble/share/rclpy/cmake)
-- Found sensor_msgs: 4.2.3 (/opt/ros/humble/share/sensor_msgs/cmake)
-- Found ament_lint_auto: 0.12.10 (/opt/ros/humble/share/ament_lint_auto/cmake)
-- Added test 'cppcheck' to perform static code analysis on C / C++ code
-- Configured cppcheck include dirs: /home/tom/ros2_ws/src/my_cpp_py_pkg/include
-- Configured cppcheck exclude dirs and/or files: 
-- Added test 'flake8' to check Python code syntax and style conventions
-- Added test 'lint_cmake' to check CMake code style
-- Added test 'pep257' to check Python code against some of the docstring style conventions in PEP 257
-- Added test 'uncrustify' to check C / C++ code style
-- Configured uncrustify additional arguments: 
-- Added test 'xmllint' to check XML markup files
-- Configuring done
-- Generating done
-- Build files have been written to: /home/tom/ros2_ws/src/my_cpp_py_pkg/build/my_cpp_py_pkg
[35m[1mConsolidate compiler generated dependencies of target cpp_executable[0m
[  0%] Built target ament_cmake_python_symlink_my_cpp_py_pkg
[100%] Built target cpp_executable
running egg_info
writing my_cpp_py_pkg.egg-info/PKG-INFO
writing dependency_links to my_cpp_py_pkg.egg-info/dependency_links.txt
writing top-level names to my_cpp_py_pkg.egg-info/top_level.txt
reading manifest file 'my_cpp_py_pkg.egg-info/SOURCES.txt'
writing manifest file 'my_cpp_py_pkg.egg-info/SOURCES.txt'
[100%] Built target ament_cmake_python_build_my_cpp_py_pkg_egg
-- Install configuration: ""
-- Execute custom install script
-- Up-to-date symlink: /home/tom/ros2_ws/src/my_cpp_py_pkg/install/my_cpp_py_pkg/lib/my_cpp_py_pkg/cpp_executable
-- Up-to-date symlink: /home/tom/ros2_ws/src/my_cpp_py_pkg/install/my_cpp_py_pkg/share/my_cpp_py_pkg/environment/pythonpath.sh
-- Up-to-date symlink: /home/tom/ros2_ws/src/my_cpp_py_pkg/install/my_cpp_py_pkg/share/my_cpp_py_pkg/environment/pythonpath.dsv
-- Up-to-date symlink: /home/tom/ros2_ws/src/my_cpp_py_pkg/install/my_cpp_py_pkg/local/lib/python3.10/dist-packages/my_cpp_py_pkg-0.0.0-py3.10.egg-info/PKG-INFO
-- Up-to-date symlink: /home/tom/ros2_ws/src/my_cpp_py_pkg/install/my_cpp_py_pkg/local/lib/python3.10/dist-packages/my_cpp_py_pkg-0.0.0-py3.10.egg-info/SOURCES.txt
-- Up-to-date symlink: /home/tom/ros2_ws/src/my_cpp_py_pkg/install/my_cpp_py_pkg/local/lib/python3.10/dist-packages/my_cpp_py_pkg-0.0.0-py3.10.egg-info/dependency_links.txt
-- Up-to-date symlink: /home/tom/ros2_ws/src/my_cpp_py_pkg/install/my_cpp_py_pkg/local/lib/python3.10/dist-packages/my_cpp_py_pkg-0.0.0-py3.10.egg-info/top_level.txt
-- Up-to-date symlink: /home/tom/ros2_ws/src/my_cpp_py_pkg/install/my_cpp_py_pkg/local/lib/python3.10/dist-packages/my_cpp_py_pkg/__init__.py
-- Up-to-date symlink: /home/tom/ros2_ws/src/my_cpp_py_pkg/install/my_cpp_py_pkg/local/lib/python3.10/dist-packages/my_cpp_py_pkg/kalman.py
-- Up-to-date symlink: /home/tom/ros2_ws/src/my_cpp_py_pkg/install/my_cpp_py_pkg/local/lib/python3.10/dist-packages/my_cpp_py_pkg/ogl_viewer/viewer.py
-- Symlinking: /home/tom/ros2_ws/src/my_cpp_py_pkg/install/my_cpp_py_pkg/local/lib/python3.10/dist-packages/my_cpp_py_pkg/visuals.py
-- Up-to-date symlink: /home/tom/ros2_ws/src/my_cpp_py_pkg/install/my_cpp_py_pkg/local/lib/python3.10/dist-packages/my_cpp_py_pkg/zed_calib.json
-- Up-to-date symlink: /home/tom/ros2_ws/src/my_cpp_py_pkg/install/my_cpp_py_pkg/lib/my_cpp_py_pkg/img_to_kpts.py
-- Up-to-date symlink: /home/tom/ros2_ws/src/my_cpp_py_pkg/install/my_cpp_py_pkg/lib/my_cpp_py_pkg/kpts_to_bbox.py
-- Up-to-date symlink: /home/tom/ros2_ws/src/my_cpp_py_pkg/install/my_cpp_py_pkg/share/my_cpp_py_pkg//launch/my_script_launch.py
-- Up-to-date symlink: /home/tom/ros2_ws/src/my_cpp_py_pkg/install/my_cpp_py_pkg/share/ament_index/resource_index/package_run_dependencies/my_cpp_py_pkg
-- Up-to-date symlink: /home/tom/ros2_ws/src/my_cpp_py_pkg/install/my_cpp_py_pkg/share/ament_index/resource_index/parent_prefix_path/my_cpp_py_pkg
-- Up-to-date symlink: /home/tom/ros2_ws/src/my_cpp_py_pkg/install/my_cpp_py_pkg/share/my_cpp_py_pkg/environment/ament_prefix_path.sh
-- Up-to-date symlink: /home/tom/ros2_ws/src/my_cpp_py_pkg/install/my_cpp_py_pkg/share/my_cpp_py_pkg/environment/ament_prefix_path.dsv
-- Up-to-date symlink: /home/tom/ros2_ws/src/my_cpp_py_pkg/install/my_cpp_py_pkg/share/my_cpp_py_pkg/environment/path.sh
-- Up-to-date symlink: /home/tom/ros2_ws/src/my_cpp_py_pkg/install/my_cpp_py_pkg/share/my_cpp_py_pkg/environment/path.dsv
-- Up-to-date symlink: /home/tom/ros2_ws/src/my_cpp_py_pkg/install/my_cpp_py_pkg/share/my_cpp_py_pkg/local_setup.bash
-- Up-to-date symlink: /home/tom/ros2_ws/src/my_cpp_py_pkg/install/my_cpp_py_pkg/share/my_cpp_py_pkg/local_setup.sh
-- Up-to-date symlink: /home/tom/ros2_ws/src/my_cpp_py_pkg/install/my_cpp_py_pkg/share/my_cpp_py_pkg/local_setup.zsh
-- Up-to-date symlink: /home/tom/ros2_ws/src/my_cpp_py_pkg/install/my_cpp_py_pkg/share/my_cpp_py_pkg/local_setup.dsv
-- Symlinking: /home/tom/ros2_ws/src/my_cpp_py_pkg/install/my_cpp_py_pkg/share/my_cpp_py_pkg/package.dsv
-- Up-to-date symlink: /home/tom/ros2_ws/src/my_cpp_py_pkg/install/my_cpp_py_pkg/share/ament_index/resource_index/packages/my_cpp_py_pkg
-- Up-to-date symlink: /home/tom/ros2_ws/src/my_cpp_py_pkg/install/my_cpp_py_pkg/share/my_cpp_py_pkg/cmake/my_cpp_py_pkgConfig.cmake
-- Up-to-date symlink: /home/tom/ros2_ws/src/my_cpp_py_pkg/install/my_cpp_py_pkg/share/my_cpp_py_pkg/cmake/my_cpp_py_pkgConfig-version.cmake
-- Up-to-date symlink: /home/tom/ros2_ws/src/my_cpp_py_pkg/install/my_cpp_py_pkg/share/my_cpp_py_pkg/package.xml
Listing '/home/tom/ros2_ws/src/my_cpp_py_pkg/install/my_cpp_py_pkg/local/lib/python3.10/dist-packages/my_cpp_py_pkg'...
Compiling '/home/tom/ros2_ws/src/my_cpp_py_pkg/install/my_cpp_py_pkg/local/lib/python3.10/dist-packages/my_cpp_py_pkg/__init__.py'...
Listing '/home/tom/ros2_ws/src/my_cpp_py_pkg/install/my_cpp_py_pkg/local/lib/python3.10/dist-packages/my_cpp_py_pkg/ogl_viewer'...
Compiling '/home/tom/ros2_ws/src/my_cpp_py_pkg/install/my_cpp_py_pkg/local/lib/python3.10/dist-packages/my_cpp_py_pkg/visuals.py'...
