[0.009s] Invoking command in '/home/tom/ros2_ws/src/my_cpp_py_pkg/build/my_cpp_py_pkg': CMAKE_PREFIX_PATH=${CMAKE_PREFIX_PATH}:/home/tom/ros2_ws/install/launch_testing_examples:/home/tom/ros2_ws/install/examples_rclpy_pointcloud_publisher:/home/tom/ros2_ws/install/examples_rclpy_minimal_subscriber:/home/tom/ros2_ws/install/examples_rclpy_minimal_service:/home/tom/ros2_ws/install/examples_rclpy_minimal_publisher:/home/tom/ros2_ws/install/examples_rclpy_minimal_client:/home/tom/ros2_ws/install/examples_rclpy_minimal_action_server:/home/tom/ros2_ws/install/examples_rclpy_minimal_action_client:/home/tom/ros2_ws/install/examples_rclpy_guard_conditions:/home/tom/ros2_ws/install/examples_rclpy_executors:/opt/ros/humble /usr/bin/cmake --build /home/tom/ros2_ws/src/my_cpp_py_pkg/build/my_cpp_py_pkg -- -j16 -l16
[0.030s] -- Found ament_cmake: 1.3.8 (/opt/ros/humble/share/ament_cmake/cmake)
[0.121s] -- Override CMake install command with custom implementation using symlinks instead of copying resources
[0.127s] -- Found rclcpp: 16.0.8 (/opt/ros/humble/share/rclcpp/cmake)
[0.148s] -- Found rosidl_generator_c: 3.1.5 (/opt/ros/humble/share/rosidl_generator_c/cmake)
[0.150s] -- Found rosidl_adapter: 3.1.5 (/opt/ros/humble/share/rosidl_adapter/cmake)
[0.154s] -- Found rosidl_generator_cpp: 3.1.5 (/opt/ros/humble/share/rosidl_generator_cpp/cmake)
[0.162s] -- Using all available rosidl_typesupport_c: rosidl_typesupport_fastrtps_c;rosidl_typesupport_introspection_c
[0.173s] -- Using all available rosidl_typesupport_cpp: rosidl_typesupport_fastrtps_cpp;rosidl_typesupport_introspection_cpp
[0.213s] -- Found rmw_implementation_cmake: 6.1.1 (/opt/ros/humble/share/rmw_implementation_cmake/cmake)
[0.215s] -- Found rmw_fastrtps_cpp: 6.2.6 (/opt/ros/humble/share/rmw_fastrtps_cpp/cmake)
[0.316s] -- Using RMW implementation 'rmw_fastrtps_cpp' as default
[0.443s] -- Found rclpy: 3.3.12 (/opt/ros/humble/share/rclpy/cmake)
[0.443s] -- Found sensor_msgs: 4.2.3 (/opt/ros/humble/share/sensor_msgs/cmake)
[0.579s] -- Found ament_lint_auto: 0.12.10 (/opt/ros/humble/share/ament_lint_auto/cmake)
[0.674s] -- Added test 'cppcheck' to perform static code analysis on C / C++ code
[0.674s] -- Configured cppcheck include dirs: /home/tom/ros2_ws/src/my_cpp_py_pkg/include
[0.674s] -- Configured cppcheck exclude dirs and/or files: 
[0.679s] -- Added test 'flake8' to check Python code syntax and style conventions
[0.689s] -- Added test 'lint_cmake' to check CMake code style
[0.695s] -- Added test 'pep257' to check Python code against some of the docstring style conventions in PEP 257
[0.736s] -- Added test 'uncrustify' to check C / C++ code style
[0.736s] -- Configured uncrustify additional arguments: 
[0.741s] -- Added test 'xmllint' to check XML markup files
[0.742s] -- Configuring done
[0.751s] -- Generating done
[0.753s] -- Build files have been written to: /home/tom/ros2_ws/src/my_cpp_py_pkg/build/my_cpp_py_pkg
[0.775s] [35m[1mConsolidate compiler generated dependencies of target cpp_executable[0m
[0.789s] [  0%] Built target ament_cmake_python_symlink_my_cpp_py_pkg
[0.789s] [100%] Built target cpp_executable
[0.984s] running egg_info
[0.985s] writing my_cpp_py_pkg.egg-info/PKG-INFO
[0.985s] writing dependency_links to my_cpp_py_pkg.egg-info/dependency_links.txt
[0.985s] writing top-level names to my_cpp_py_pkg.egg-info/top_level.txt
[0.987s] reading manifest file 'my_cpp_py_pkg.egg-info/SOURCES.txt'
[0.987s] writing manifest file 'my_cpp_py_pkg.egg-info/SOURCES.txt'
[1.008s] [100%] Built target ament_cmake_python_build_my_cpp_py_pkg_egg
[1.017s] Invoked command in '/home/tom/ros2_ws/src/my_cpp_py_pkg/build/my_cpp_py_pkg' returned '0': CMAKE_PREFIX_PATH=${CMAKE_PREFIX_PATH}:/home/tom/ros2_ws/install/launch_testing_examples:/home/tom/ros2_ws/install/examples_rclpy_pointcloud_publisher:/home/tom/ros2_ws/install/examples_rclpy_minimal_subscriber:/home/tom/ros2_ws/install/examples_rclpy_minimal_service:/home/tom/ros2_ws/install/examples_rclpy_minimal_publisher:/home/tom/ros2_ws/install/examples_rclpy_minimal_client:/home/tom/ros2_ws/install/examples_rclpy_minimal_action_server:/home/tom/ros2_ws/install/examples_rclpy_minimal_action_client:/home/tom/ros2_ws/install/examples_rclpy_guard_conditions:/home/tom/ros2_ws/install/examples_rclpy_executors:/opt/ros/humble /usr/bin/cmake --build /home/tom/ros2_ws/src/my_cpp_py_pkg/build/my_cpp_py_pkg -- -j16 -l16
[1.051s] Invoking command in '/home/tom/ros2_ws/src/my_cpp_py_pkg/build/my_cpp_py_pkg': CMAKE_PREFIX_PATH=${CMAKE_PREFIX_PATH}:/home/tom/ros2_ws/install/launch_testing_examples:/home/tom/ros2_ws/install/examples_rclpy_pointcloud_publisher:/home/tom/ros2_ws/install/examples_rclpy_minimal_subscriber:/home/tom/ros2_ws/install/examples_rclpy_minimal_service:/home/tom/ros2_ws/install/examples_rclpy_minimal_publisher:/home/tom/ros2_ws/install/examples_rclpy_minimal_client:/home/tom/ros2_ws/install/examples_rclpy_minimal_action_server:/home/tom/ros2_ws/install/examples_rclpy_minimal_action_client:/home/tom/ros2_ws/install/examples_rclpy_guard_conditions:/home/tom/ros2_ws/install/examples_rclpy_executors:/opt/ros/humble /usr/bin/cmake --install /home/tom/ros2_ws/src/my_cpp_py_pkg/build/my_cpp_py_pkg
[1.056s] -- Install configuration: ""
[1.056s] -- Execute custom install script
[1.056s] -- Up-to-date symlink: /home/tom/ros2_ws/src/my_cpp_py_pkg/install/my_cpp_py_pkg/lib/my_cpp_py_pkg/cpp_executable
[1.057s] -- Up-to-date symlink: /home/tom/ros2_ws/src/my_cpp_py_pkg/install/my_cpp_py_pkg/share/my_cpp_py_pkg/environment/pythonpath.sh
[1.057s] -- Up-to-date symlink: /home/tom/ros2_ws/src/my_cpp_py_pkg/install/my_cpp_py_pkg/share/my_cpp_py_pkg/environment/pythonpath.dsv
[1.057s] -- Up-to-date symlink: /home/tom/ros2_ws/src/my_cpp_py_pkg/install/my_cpp_py_pkg/local/lib/python3.10/dist-packages/my_cpp_py_pkg-0.0.0-py3.10.egg-info/PKG-INFO
[1.057s] -- Up-to-date symlink: /home/tom/ros2_ws/src/my_cpp_py_pkg/install/my_cpp_py_pkg/local/lib/python3.10/dist-packages/my_cpp_py_pkg-0.0.0-py3.10.egg-info/SOURCES.txt
[1.057s] -- Up-to-date symlink: /home/tom/ros2_ws/src/my_cpp_py_pkg/install/my_cpp_py_pkg/local/lib/python3.10/dist-packages/my_cpp_py_pkg-0.0.0-py3.10.egg-info/dependency_links.txt
[1.057s] -- Up-to-date symlink: /home/tom/ros2_ws/src/my_cpp_py_pkg/install/my_cpp_py_pkg/local/lib/python3.10/dist-packages/my_cpp_py_pkg-0.0.0-py3.10.egg-info/top_level.txt
[1.057s] -- Up-to-date symlink: /home/tom/ros2_ws/src/my_cpp_py_pkg/install/my_cpp_py_pkg/local/lib/python3.10/dist-packages/my_cpp_py_pkg/__init__.py
[1.058s] -- Up-to-date symlink: /home/tom/ros2_ws/src/my_cpp_py_pkg/install/my_cpp_py_pkg/local/lib/python3.10/dist-packages/my_cpp_py_pkg/kalman.py
[1.058s] -- Up-to-date symlink: /home/tom/ros2_ws/src/my_cpp_py_pkg/install/my_cpp_py_pkg/local/lib/python3.10/dist-packages/my_cpp_py_pkg/ogl_viewer/viewer.py
[1.058s] -- Symlinking: /home/tom/ros2_ws/src/my_cpp_py_pkg/install/my_cpp_py_pkg/local/lib/python3.10/dist-packages/my_cpp_py_pkg/visuals.py
[1.064s] -- Up-to-date symlink: /home/tom/ros2_ws/src/my_cpp_py_pkg/install/my_cpp_py_pkg/local/lib/python3.10/dist-packages/my_cpp_py_pkg/zed_calib.json
[1.064s] -- Up-to-date symlink: /home/tom/ros2_ws/src/my_cpp_py_pkg/install/my_cpp_py_pkg/lib/my_cpp_py_pkg/img_to_kpts.py
[1.065s] -- Up-to-date symlink: /home/tom/ros2_ws/src/my_cpp_py_pkg/install/my_cpp_py_pkg/lib/my_cpp_py_pkg/kpts_to_bbox.py
[1.065s] -- Up-to-date symlink: /home/tom/ros2_ws/src/my_cpp_py_pkg/install/my_cpp_py_pkg/share/my_cpp_py_pkg//launch/my_script_launch.py
[1.065s] -- Up-to-date symlink: /home/tom/ros2_ws/src/my_cpp_py_pkg/install/my_cpp_py_pkg/share/ament_index/resource_index/package_run_dependencies/my_cpp_py_pkg
[1.065s] -- Up-to-date symlink: /home/tom/ros2_ws/src/my_cpp_py_pkg/install/my_cpp_py_pkg/share/ament_index/resource_index/parent_prefix_path/my_cpp_py_pkg
[1.065s] -- Up-to-date symlink: /home/tom/ros2_ws/src/my_cpp_py_pkg/install/my_cpp_py_pkg/share/my_cpp_py_pkg/environment/ament_prefix_path.sh
[1.065s] -- Up-to-date symlink: /home/tom/ros2_ws/src/my_cpp_py_pkg/install/my_cpp_py_pkg/share/my_cpp_py_pkg/environment/ament_prefix_path.dsv
[1.065s] -- Up-to-date symlink: /home/tom/ros2_ws/src/my_cpp_py_pkg/install/my_cpp_py_pkg/share/my_cpp_py_pkg/environment/path.sh
[1.066s] -- Up-to-date symlink: /home/tom/ros2_ws/src/my_cpp_py_pkg/install/my_cpp_py_pkg/share/my_cpp_py_pkg/environment/path.dsv
[1.066s] -- Up-to-date symlink: /home/tom/ros2_ws/src/my_cpp_py_pkg/install/my_cpp_py_pkg/share/my_cpp_py_pkg/local_setup.bash
[1.066s] -- Up-to-date symlink: /home/tom/ros2_ws/src/my_cpp_py_pkg/install/my_cpp_py_pkg/share/my_cpp_py_pkg/local_setup.sh
[1.066s] -- Up-to-date symlink: /home/tom/ros2_ws/src/my_cpp_py_pkg/install/my_cpp_py_pkg/share/my_cpp_py_pkg/local_setup.zsh
[1.066s] -- Up-to-date symlink: /home/tom/ros2_ws/src/my_cpp_py_pkg/install/my_cpp_py_pkg/share/my_cpp_py_pkg/local_setup.dsv
[1.066s] -- Symlinking: /home/tom/ros2_ws/src/my_cpp_py_pkg/install/my_cpp_py_pkg/share/my_cpp_py_pkg/package.dsv
[1.073s] -- Up-to-date symlink: /home/tom/ros2_ws/src/my_cpp_py_pkg/install/my_cpp_py_pkg/share/ament_index/resource_index/packages/my_cpp_py_pkg
[1.073s] -- Up-to-date symlink: /home/tom/ros2_ws/src/my_cpp_py_pkg/install/my_cpp_py_pkg/share/my_cpp_py_pkg/cmake/my_cpp_py_pkgConfig.cmake
[1.073s] -- Up-to-date symlink: /home/tom/ros2_ws/src/my_cpp_py_pkg/install/my_cpp_py_pkg/share/my_cpp_py_pkg/cmake/my_cpp_py_pkgConfig-version.cmake
[1.073s] -- Up-to-date symlink: /home/tom/ros2_ws/src/my_cpp_py_pkg/install/my_cpp_py_pkg/share/my_cpp_py_pkg/package.xml
[1.100s] Listing '/home/tom/ros2_ws/src/my_cpp_py_pkg/install/my_cpp_py_pkg/local/lib/python3.10/dist-packages/my_cpp_py_pkg'...
[1.100s] Compiling '/home/tom/ros2_ws/src/my_cpp_py_pkg/install/my_cpp_py_pkg/local/lib/python3.10/dist-packages/my_cpp_py_pkg/__init__.py'...
[1.100s] Listing '/home/tom/ros2_ws/src/my_cpp_py_pkg/install/my_cpp_py_pkg/local/lib/python3.10/dist-packages/my_cpp_py_pkg/ogl_viewer'...
[1.100s] Compiling '/home/tom/ros2_ws/src/my_cpp_py_pkg/install/my_cpp_py_pkg/local/lib/python3.10/dist-packages/my_cpp_py_pkg/visuals.py'...
[1.105s] Invoked command in '/home/tom/ros2_ws/src/my_cpp_py_pkg/build/my_cpp_py_pkg' returned '0': CMAKE_PREFIX_PATH=${CMAKE_PREFIX_PATH}:/home/tom/ros2_ws/install/launch_testing_examples:/home/tom/ros2_ws/install/examples_rclpy_pointcloud_publisher:/home/tom/ros2_ws/install/examples_rclpy_minimal_subscriber:/home/tom/ros2_ws/install/examples_rclpy_minimal_service:/home/tom/ros2_ws/install/examples_rclpy_minimal_publisher:/home/tom/ros2_ws/install/examples_rclpy_minimal_client:/home/tom/ros2_ws/install/examples_rclpy_minimal_action_server:/home/tom/ros2_ws/install/examples_rclpy_minimal_action_client:/home/tom/ros2_ws/install/examples_rclpy_guard_conditions:/home/tom/ros2_ws/install/examples_rclpy_executors:/opt/ros/humble /usr/bin/cmake --install /home/tom/ros2_ws/src/my_cpp_py_pkg/build/my_cpp_py_pkg
