[0.011s] Invoking command in '/home/tom/ros2_ws/src/my_cpp_py_pkg/build/my_cpp_py_pkg': CMAKE_PREFIX_PATH=${CMAKE_PREFIX_PATH}:/home/tom/ros2_ws/install/launch_testing_examples:/home/tom/ros2_ws/install/examples_rclpy_pointcloud_publisher:/home/tom/ros2_ws/install/examples_rclpy_minimal_subscriber:/home/tom/ros2_ws/install/examples_rclpy_minimal_service:/home/tom/ros2_ws/install/examples_rclpy_minimal_publisher:/home/tom/ros2_ws/install/examples_rclpy_minimal_client:/home/tom/ros2_ws/install/examples_rclpy_minimal_action_server:/home/tom/ros2_ws/install/examples_rclpy_minimal_action_client:/home/tom/ros2_ws/install/examples_rclpy_guard_conditions:/home/tom/ros2_ws/install/examples_rclpy_executors:/opt/ros/humble /usr/bin/cmake --build /home/tom/ros2_ws/src/my_cpp_py_pkg/build/my_cpp_py_pkg -- -j16 -l16
[0.064s] [100%] Built target cpp_executable
[0.070s] [100%] Built target ament_cmake_python_symlink_my_cpp_py_pkg
[0.275s] running egg_info
[0.275s] writing my_cpp_py_pkg.egg-info/PKG-INFO
[0.276s] writing dependency_links to my_cpp_py_pkg.egg-info/dependency_links.txt
[0.276s] writing top-level names to my_cpp_py_pkg.egg-info/top_level.txt
[0.277s] reading manifest file 'my_cpp_py_pkg.egg-info/SOURCES.txt'
[0.278s] writing manifest file 'my_cpp_py_pkg.egg-info/SOURCES.txt'
[0.300s] [100%] Built target ament_cmake_python_build_my_cpp_py_pkg_egg
[0.309s] Invoked command in '/home/tom/ros2_ws/src/my_cpp_py_pkg/build/my_cpp_py_pkg' returned '0': CMAKE_PREFIX_PATH=${CMAKE_PREFIX_PATH}:/home/tom/ros2_ws/install/launch_testing_examples:/home/tom/ros2_ws/install/examples_rclpy_pointcloud_publisher:/home/tom/ros2_ws/install/examples_rclpy_minimal_subscriber:/home/tom/ros2_ws/install/examples_rclpy_minimal_service:/home/tom/ros2_ws/install/examples_rclpy_minimal_publisher:/home/tom/ros2_ws/install/examples_rclpy_minimal_client:/home/tom/ros2_ws/install/examples_rclpy_minimal_action_server:/home/tom/ros2_ws/install/examples_rclpy_minimal_action_client:/home/tom/ros2_ws/install/examples_rclpy_guard_conditions:/home/tom/ros2_ws/install/examples_rclpy_executors:/opt/ros/humble /usr/bin/cmake --build /home/tom/ros2_ws/src/my_cpp_py_pkg/build/my_cpp_py_pkg -- -j16 -l16
[0.350s] Invoking command in '/home/tom/ros2_ws/src/my_cpp_py_pkg/build/my_cpp_py_pkg': CMAKE_PREFIX_PATH=${CMAKE_PREFIX_PATH}:/home/tom/ros2_ws/install/launch_testing_examples:/home/tom/ros2_ws/install/examples_rclpy_pointcloud_publisher:/home/tom/ros2_ws/install/examples_rclpy_minimal_subscriber:/home/tom/ros2_ws/install/examples_rclpy_minimal_service:/home/tom/ros2_ws/install/examples_rclpy_minimal_publisher:/home/tom/ros2_ws/install/examples_rclpy_minimal_client:/home/tom/ros2_ws/install/examples_rclpy_minimal_action_server:/home/tom/ros2_ws/install/examples_rclpy_minimal_action_client:/home/tom/ros2_ws/install/examples_rclpy_guard_conditions:/home/tom/ros2_ws/install/examples_rclpy_executors:/opt/ros/humble /usr/bin/cmake --install /home/tom/ros2_ws/src/my_cpp_py_pkg/build/my_cpp_py_pkg
[0.356s] -- Install configuration: ""
[0.357s] -- Execute custom install script
[0.357s] -- Up-to-date symlink: /home/tom/ros2_ws/src/my_cpp_py_pkg/install/my_cpp_py_pkg/lib/my_cpp_py_pkg/cpp_executable
[0.357s] -- Up-to-date symlink: /home/tom/ros2_ws/src/my_cpp_py_pkg/install/my_cpp_py_pkg/share/my_cpp_py_pkg/environment/pythonpath.sh
[0.357s] -- Up-to-date symlink: /home/tom/ros2_ws/src/my_cpp_py_pkg/install/my_cpp_py_pkg/share/my_cpp_py_pkg/environment/pythonpath.dsv
[0.357s] -- Up-to-date symlink: /home/tom/ros2_ws/src/my_cpp_py_pkg/install/my_cpp_py_pkg/local/lib/python3.10/dist-packages/my_cpp_py_pkg-0.0.0-py3.10.egg-info/PKG-INFO
[0.358s] -- Up-to-date symlink: /home/tom/ros2_ws/src/my_cpp_py_pkg/install/my_cpp_py_pkg/local/lib/python3.10/dist-packages/my_cpp_py_pkg-0.0.0-py3.10.egg-info/SOURCES.txt
[0.358s] -- Up-to-date symlink: /home/tom/ros2_ws/src/my_cpp_py_pkg/install/my_cpp_py_pkg/local/lib/python3.10/dist-packages/my_cpp_py_pkg-0.0.0-py3.10.egg-info/dependency_links.txt
[0.358s] -- Up-to-date symlink: /home/tom/ros2_ws/src/my_cpp_py_pkg/install/my_cpp_py_pkg/local/lib/python3.10/dist-packages/my_cpp_py_pkg-0.0.0-py3.10.egg-info/top_level.txt
[0.358s] -- Up-to-date symlink: /home/tom/ros2_ws/src/my_cpp_py_pkg/install/my_cpp_py_pkg/local/lib/python3.10/dist-packages/my_cpp_py_pkg/__init__.py
[0.358s] -- Up-to-date symlink: /home/tom/ros2_ws/src/my_cpp_py_pkg/install/my_cpp_py_pkg/local/lib/python3.10/dist-packages/my_cpp_py_pkg/kalman.py
[0.358s] -- Up-to-date symlink: /home/tom/ros2_ws/src/my_cpp_py_pkg/install/my_cpp_py_pkg/local/lib/python3.10/dist-packages/my_cpp_py_pkg/ogl_viewer/viewer.py
[0.358s] -- Up-to-date symlink: /home/tom/ros2_ws/src/my_cpp_py_pkg/install/my_cpp_py_pkg/local/lib/python3.10/dist-packages/my_cpp_py_pkg/visuals.py
[0.358s] -- Up-to-date symlink: /home/tom/ros2_ws/src/my_cpp_py_pkg/install/my_cpp_py_pkg/local/lib/python3.10/dist-packages/my_cpp_py_pkg/zed_calib.json
[0.358s] -- Up-to-date symlink: /home/tom/ros2_ws/src/my_cpp_py_pkg/install/my_cpp_py_pkg/lib/my_cpp_py_pkg/img_to_kpts.py
[0.358s] -- Up-to-date symlink: /home/tom/ros2_ws/src/my_cpp_py_pkg/install/my_cpp_py_pkg/lib/my_cpp_py_pkg/kpts_to_bbox.py
[0.359s] -- Up-to-date symlink: /home/tom/ros2_ws/src/my_cpp_py_pkg/install/my_cpp_py_pkg/share/my_cpp_py_pkg//launch/my_script_launch.py
[0.359s] -- Up-to-date symlink: /home/tom/ros2_ws/src/my_cpp_py_pkg/install/my_cpp_py_pkg/share/ament_index/resource_index/package_run_dependencies/my_cpp_py_pkg
[0.359s] -- Up-to-date symlink: /home/tom/ros2_ws/src/my_cpp_py_pkg/install/my_cpp_py_pkg/share/ament_index/resource_index/parent_prefix_path/my_cpp_py_pkg
[0.359s] -- Up-to-date symlink: /home/tom/ros2_ws/src/my_cpp_py_pkg/install/my_cpp_py_pkg/share/my_cpp_py_pkg/environment/ament_prefix_path.sh
[0.359s] -- Up-to-date symlink: /home/tom/ros2_ws/src/my_cpp_py_pkg/install/my_cpp_py_pkg/share/my_cpp_py_pkg/environment/ament_prefix_path.dsv
[0.359s] -- Up-to-date symlink: /home/tom/ros2_ws/src/my_cpp_py_pkg/install/my_cpp_py_pkg/share/my_cpp_py_pkg/environment/path.sh
[0.359s] -- Up-to-date symlink: /home/tom/ros2_ws/src/my_cpp_py_pkg/install/my_cpp_py_pkg/share/my_cpp_py_pkg/environment/path.dsv
[0.360s] -- Up-to-date symlink: /home/tom/ros2_ws/src/my_cpp_py_pkg/install/my_cpp_py_pkg/share/my_cpp_py_pkg/local_setup.bash
[0.360s] -- Up-to-date symlink: /home/tom/ros2_ws/src/my_cpp_py_pkg/install/my_cpp_py_pkg/share/my_cpp_py_pkg/local_setup.sh
[0.360s] -- Up-to-date symlink: /home/tom/ros2_ws/src/my_cpp_py_pkg/install/my_cpp_py_pkg/share/my_cpp_py_pkg/local_setup.zsh
[0.360s] -- Up-to-date symlink: /home/tom/ros2_ws/src/my_cpp_py_pkg/install/my_cpp_py_pkg/share/my_cpp_py_pkg/local_setup.dsv
[0.360s] -- Symlinking: /home/tom/ros2_ws/src/my_cpp_py_pkg/install/my_cpp_py_pkg/share/my_cpp_py_pkg/package.dsv
[0.368s] -- Up-to-date symlink: /home/tom/ros2_ws/src/my_cpp_py_pkg/install/my_cpp_py_pkg/share/ament_index/resource_index/packages/my_cpp_py_pkg
[0.368s] -- Up-to-date symlink: /home/tom/ros2_ws/src/my_cpp_py_pkg/install/my_cpp_py_pkg/share/my_cpp_py_pkg/cmake/my_cpp_py_pkgConfig.cmake
[0.368s] -- Up-to-date symlink: /home/tom/ros2_ws/src/my_cpp_py_pkg/install/my_cpp_py_pkg/share/my_cpp_py_pkg/cmake/my_cpp_py_pkgConfig-version.cmake
[0.368s] -- Up-to-date symlink: /home/tom/ros2_ws/src/my_cpp_py_pkg/install/my_cpp_py_pkg/share/my_cpp_py_pkg/package.xml
[0.399s] Listing '/home/tom/ros2_ws/src/my_cpp_py_pkg/install/my_cpp_py_pkg/local/lib/python3.10/dist-packages/my_cpp_py_pkg'...
[0.399s] Listing '/home/tom/ros2_ws/src/my_cpp_py_pkg/install/my_cpp_py_pkg/local/lib/python3.10/dist-packages/my_cpp_py_pkg/ogl_viewer'...
[0.405s] Invoked command in '/home/tom/ros2_ws/src/my_cpp_py_pkg/build/my_cpp_py_pkg' returned '0': CMAKE_PREFIX_PATH=${CMAKE_PREFIX_PATH}:/home/tom/ros2_ws/install/launch_testing_examples:/home/tom/ros2_ws/install/examples_rclpy_pointcloud_publisher:/home/tom/ros2_ws/install/examples_rclpy_minimal_subscriber:/home/tom/ros2_ws/install/examples_rclpy_minimal_service:/home/tom/ros2_ws/install/examples_rclpy_minimal_publisher:/home/tom/ros2_ws/install/examples_rclpy_minimal_client:/home/tom/ros2_ws/install/examples_rclpy_minimal_action_server:/home/tom/ros2_ws/install/examples_rclpy_minimal_action_client:/home/tom/ros2_ws/install/examples_rclpy_guard_conditions:/home/tom/ros2_ws/install/examples_rclpy_executors:/opt/ros/humble /usr/bin/cmake --install /home/tom/ros2_ws/src/my_cpp_py_pkg/build/my_cpp_py_pkg
